# JRE version: Java(TM) SE Runtime Environment (8.0_92-b14) (build 1.8.0_92-b14)
# Java VM: Java HotSpot(TM) 64-Bit Server VM (25.92-b14 mixed mode bsd-amd64 compressed oops)
Heap:
 PSYoungGen      total 54784K, used 18484K [0x000000076ab00000, 0x000000076ea00000, 0x00000007c0000000)
  eden space 48128K, 38% used [0x000000076ab00000,0x000000076bcdd190,0x000000076da00000)
  from space 6656K, 2% used [0x000000076e380000,0x000000076e3b0000,0x000000076ea00000)
  to   space 8192K, 0% used [0x000000076da00000,0x000000076da00000,0x000000076e200000)
 ParOldGen       total 75776K, used 10313K [0x00000006c0000000, 0x00000006c4a00000, 0x000000076ab00000)
  object space 75776K, 13% used [0x00000006c0000000,0x00000006c0a127b8,0x00000006c4a00000)
 Metaspace       used 21260K, capacity 21434K, committed 21936K, reserved 1069056K
  class space    used 2641K, capacity 2729K, committed 2816K, reserved 1048576K
GC Heap History (10 events):
Event: 521.761 GC heap before
{Heap before GC invocations=17 (full 1):
 PSYoungGen      total 53760K, used 53440K [0x000000076ab00000, 0x000000076f400000, 0x00000007c0000000)
  eden space 53248K, 100% used [0x000000076ab00000,0x000000076df00000,0x000000076df00000)
  from space 512K, 37% used [0x000000076e000000,0x000000076e030000,0x000000076e080000)
  to   space 10752K, 0% used [0x000000076e980000,0x000000076e980000,0x000000076f400000)
 ParOldGen       total 75776K, used 10201K [0x00000006c0000000, 0x00000006c4a00000, 0x000000076ab00000)
  object space 75776K, 13% used [0x00000006c0000000,0x00000006c09f67b8,0x00000006c4a00000)
 Metaspace       used 21235K, capacity 21402K, committed 21936K, reserved 1069056K
  class space    used 2638K, capacity 2697K, committed 2816K, reserved 1048576K
Event: 521.762 GC heap after
Heap after GC invocations=17 (full 1):
 PSYoungGen      total 60928K, used 224K [0x000000076ab00000, 0x000000076f200000, 0x00000007c0000000)
  eden space 52224K, 0% used [0x000000076ab00000,0x000000076ab00000,0x000000076de00000)
  from space 8704K, 2% used [0x000000076e980000,0x000000076e9b8000,0x000000076f200000)
  to   space 10240K, 0% used [0x000000076de00000,0x000000076de00000,0x000000076e800000)
 ParOldGen       total 75776K, used 10209K [0x00000006c0000000, 0x00000006c4a00000, 0x000000076ab00000)
  object space 75776K, 13% used [0x00000006c0000000,0x00000006c09f87b8,0x00000006c4a00000)
 Metaspace       used 21235K, capacity 21402K, committed 21936K, reserved 1069056K
  class space    used 2638K, capacity 2697K, committed 2816K, reserved 1048576K
}
Event: 557.127 GC heap before
{Heap before GC invocations=18 (full 1):
 PSYoungGen      total 60928K, used 52448K [0x000000076ab00000, 0x000000076f200000, 0x00000007c0000000)
  eden space 52224K, 100% used [0x000000076ab00000,0x000000076de00000,0x000000076de00000)
  from space 8704K, 2% used [0x000000076e980000,0x000000076e9b8000,0x000000076f200000)
  to   space 10240K, 0% used [0x000000076de00000,0x000000076de00000,0x000000076e800000)
 ParOldGen       total 75776K, used 10209K [0x00000006c0000000, 0x00000006c4a00000, 0x000000076ab00000)
  object space 75776K, 13% used [0x00000006c0000000,0x00000006c09f87b8,0x00000006c4a00000)
 Metaspace       used 21235K, capacity 21402K, committed 21936K, reserved 1069056K
  class space    used 2638K, capacity 2697K, committed 2816K, reserved 1048576K
Event: 557.128 GC heap after
Heap after GC invocations=18 (full 1):
 PSYoungGen      total 51712K, used 160K [0x000000076ab00000, 0x000000076f000000, 0x00000007c0000000)
  eden space 51200K, 0% used [0x000000076ab00000,0x000000076ab00000,0x000000076dd00000)
  from space 512K, 31% used [0x000000076de00000,0x000000076de28000,0x000000076de80000)
  to   space 9728K, 0% used [0x000000076e680000,0x000000076e680000,0x000000076f000000)
 ParOldGen       total 75776K, used 10209K [0x00000006c0000000, 0x00000006c4a00000, 0x000000076ab00000)
  object space 75776K, 13% used [0x00000006c0000000,0x00000006c09f87b8,0x00000006c4a00000)
 Metaspace       used 21235K, capacity 21402K, committed 21936K, reserved 1069056K
  class space    used 2638K, capacity 2697K, committed 2816K, reserved 1048576K
}
Event: 591.821 GC heap before
{Heap before GC invocations=19 (full 1):
 PSYoungGen      total 51712K, used 51360K [0x000000076ab00000, 0x000000076f000000, 0x00000007c0000000)
  eden space 51200K, 100% used [0x000000076ab00000,0x000000076dd00000,0x000000076dd00000)
  from space 512K, 31% used [0x000000076de00000,0x000000076de28000,0x000000076de80000)
  to   space 9728K, 0% used [0x000000076e680000,0x000000076e680000,0x000000076f000000)
 ParOldGen       total 75776K, used 10209K [0x00000006c0000000, 0x00000006c4a00000, 0x000000076ab00000)
  object space 75776K, 13% used [0x00000006c0000000,0x00000006c09f87b8,0x00000006c4a00000)
 Metaspace       used 21235K, capacity 21402K, committed 21936K, reserved 1069056K
  class space    used 2638K, capacity 2697K, committed 2816K, reserved 1048576K
Event: 591.822 GC heap after
Heap after GC invocations=19 (full 1):
 PSYoungGen      total 57856K, used 160K [0x000000076ab00000, 0x000000076ee00000, 0x00000007c0000000)
  eden space 50176K, 0% used [0x000000076ab00000,0x000000076ab00000,0x000000076dc00000)
  from space 7680K, 2% used [0x000000076e680000,0x000000076e6a8000,0x000000076ee00000)
  to   space 9216K, 0% used [0x000000076dc00000,0x000000076dc00000,0x000000076e500000)
 ParOldGen       total 75776K, used 10209K [0x00000006c0000000, 0x00000006c4a00000, 0x000000076ab00000)
  object space 75776K, 13% used [0x00000006c0000000,0x00000006c09f87b8,0x00000006c4a00000)
 Metaspace       used 21235K, capacity 21402K, committed 21936K, reserved 1069056K
  class space    used 2638K, capacity 2697K, committed 2816K, reserved 1048576K
}
Event: 625.739 GC heap before
{Heap before GC invocations=20 (full 1):
 PSYoungGen      total 57856K, used 50336K [0x000000076ab00000, 0x000000076ee00000, 0x00000007c0000000)
  eden space 50176K, 100% used [0x000000076ab00000,0x000000076dc00000,0x000000076dc00000)
  from space 7680K, 2% used [0x000000076e680000,0x000000076e6a8000,0x000000076ee00000)
  to   space 9216K, 0% used [0x000000076dc00000,0x000000076dc00000,0x000000076e500000)
 ParOldGen       total 75776K, used 10209K [0x00000006c0000000, 0x00000006c4a00000, 0x000000076ab00000)
  object space 75776K, 13% used [0x00000006c0000000,0x00000006c09f87b8,0x00000006c4a00000)
 Metaspace       used 21235K, capacity 21402K, committed 21936K, reserved 1069056K
  class space    used 2638K, capacity 2697K, committed 2816K, reserved 1048576K
Event: 625.740 GC heap after
Heap after GC invocations=20 (full 1):
 PSYoungGen      total 49664K, used 192K [0x000000076ab00000, 0x000000076ec00000, 0x00000007c0000000)
  eden space 49152K, 0% used [0x000000076ab00000,0x000000076ab00000,0x000000076db00000)
  from space 512K, 37% used [0x000000076dc00000,0x000000076dc30000,0x000000076dc80000)
  to   space 8704K, 0% used [0x000000076e380000,0x000000076e380000,0x000000076ec00000)
 ParOldGen       total 75776K, used 10273K [0x00000006c0000000, 0x00000006c4a00000, 0x000000076ab00000)
  object space 75776K, 13% used [0x00000006c0000000,0x00000006c0a087b8,0x00000006c4a00000)
 Metaspace       used 21235K, capacity 21402K, committed 21936K, reserved 1069056K
  class space    used 2638K, capacity 2697K, committed 2816K, reserved 1048576K
}
Event: 659.056 GC heap before
{Heap before GC invocations=21 (full 1):
 PSYoungGen      total 49664K, used 49344K [0x000000076ab00000, 0x000000076ec00000, 0x00000007c0000000)
  eden space 49152K, 100% used [0x000000076ab00000,0x000000076db00000,0x000000076db00000)
  from space 512K, 37% used [0x000000076dc00000,0x000000076dc30000,0x000000076dc80000)
  to   space 8704K, 0% used [0x000000076e380000,0x000000076e380000,0x000000076ec00000)
 ParOldGen       total 75776K, used 10273K [0x00000006c0000000, 0x00000006c4a00000, 0x000000076ab00000)
  object space 75776K, 13% used [0x00000006c0000000,0x00000006c0a087b8,0x00000006c4a00000)
 Metaspace       used 21235K, capacity 21402K, committed 21936K, reserved 1069056K
  class space    used 2638K, capacity 2697K, committed 2816K, reserved 1048576K
Event: 659.057 GC heap after
Heap after GC invocations=21 (full 1):
 PSYoungGen      total 54784K, used 192K [0x000000076ab00000, 0x000000076ea00000, 0x00000007c0000000)
  eden space 48128K, 0% used [0x000000076ab00000,0x000000076ab00000,0x000000076da00000)
  from space 6656K, 2% used [0x000000076e380000,0x000000076e3b0000,0x000000076ea00000)
  to   space 8192K, 0% used [0x000000076da00000,0x000000076da00000,0x000000076e200000)
 ParOldGen       total 75776K, used 10313K [0x00000006c0000000, 0x00000006c4a00000, 0x000000076ab00000)
  object space 75776K, 13% used [0x00000006c0000000,0x00000006c0a127b8,0x00000006c4a00000)
 Metaspace       used 21235K, capacity 21402K, committed 21936K, reserved 1069056K
  class space    used 2638K, capacity 2697K, committed 2816K, reserved 1048576K
}

