# JRE version: Java(TM) SE Runtime Environment (8.0_92-b14) (build 1.8.0_92-b14)
# Java VM: Java HotSpot(TM) 64-Bit Server VM (25.92-b14 mixed mode bsd-amd64 compressed oops)
Heap:
 PSYoungGen      total 1165824K, used 957912K [0x000000076ab00000, 0x00000007bd680000, 0x00000007c0000000)
  eden space 1164288K, 82% used [0x000000076ab00000,0x00000007a5146268,0x00000007b1c00000)
  from space 1536K, 79% used [0x00000007bd500000,0x00000007bd630000,0x00000007bd680000)
  to   space 19456K, 0% used [0x00000007bb080000,0x00000007bb080000,0x00000007bc380000)
 ParOldGen       total 116736K, used 32441K [0x00000006c0000000, 0x00000006c7200000, 0x000000076ab00000)
  object space 116736K, 27% used [0x00000006c0000000,0x00000006c1fae410,0x00000006c7200000)
 Metaspace       used 24027K, capacity 24246K, committed 24576K, reserved 1071104K
  class space    used 2902K, capacity 2985K, committed 3072K, reserved 1048576K
GC Heap History (10 events):
Event: 146.521 GC heap before
{Heap before GC invocations=17 (full 1):
 PSYoungGen      total 991744K, used 966624K [0x000000076ab00000, 0x00000007c0000000, 0x00000007c0000000)
  eden space 966144K, 100% used [0x000000076ab00000,0x00000007a5a80000,0x00000007a5a80000)
  from space 25600K, 1% used [0x00000007a5a80000,0x00000007a5af8000,0x00000007a7380000)
  to   space 25088K, 0% used [0x00000007be780000,0x00000007be780000,0x00000007c0000000)
 ParOldGen       total 116736K, used 31301K [0x00000006c0000000, 0x00000006c7200000, 0x000000076ab00000)
  object space 116736K, 26% used [0x00000006c0000000,0x00000006c1e917c8,0x00000006c7200000)
 Metaspace       used 23541K, capacity 23766K, committed 24064K, reserved 1071104K
  class space    used 2882K, capacity 2953K, committed 3072K, reserved 1048576K
Event: 146.522 GC heap after
Heap after GC invocations=17 (full 1):
 PSYoungGen      total 1369600K, used 384K [0x000000076ab00000, 0x00000007bfd80000, 0x00000007c0000000)
  eden space 1347072K, 0% used [0x000000076ab00000,0x000000076ab00000,0x00000007bce80000)
  from space 22528K, 1% used [0x00000007be780000,0x00000007be7e0000,0x00000007bfd80000)
  to   space 24064K, 0% used [0x00000007bce80000,0x00000007bce80000,0x00000007be600000)
 ParOldGen       total 116736K, used 31317K [0x00000006c0000000, 0x00000006c7200000, 0x000000076ab00000)
  object space 116736K, 26% used [0x00000006c0000000,0x00000006c1e957c8,0x00000006c7200000)
 Metaspace       used 23541K, capacity 23766K, committed 24064K, reserved 1071104K
  class space    used 2882K, capacity 2953K, committed 3072K, reserved 1048576K
}
Event: 158.657 GC heap before
{Heap before GC invocations=18 (full 1):
 PSYoungGen      total 1369600K, used 1347456K [0x000000076ab00000, 0x00000007bfd80000, 0x00000007c0000000)
  eden space 1347072K, 100% used [0x000000076ab00000,0x00000007bce80000,0x00000007bce80000)
  from space 22528K, 1% used [0x00000007be780000,0x00000007be7e0000,0x00000007bfd80000)
  to   space 24064K, 0% used [0x00000007bce80000,0x00000007bce80000,0x00000007be600000)
 ParOldGen       total 116736K, used 31317K [0x00000006c0000000, 0x00000006c7200000, 0x000000076ab00000)
  object space 116736K, 26% used [0x00000006c0000000,0x00000006c1e957c8,0x00000006c7200000)
 Metaspace       used 23680K, capacity 23830K, committed 24320K, reserved 1071104K
  class space    used 2892K, capacity 2953K, committed 3072K, reserved 1048576K
Event: 158.658 GC heap after
Heap after GC invocations=18 (full 1):
 PSYoungGen      total 1371136K, used 1728K [0x000000076ab00000, 0x00000007bfe80000, 0x00000007c0000000)
  eden space 1347072K, 0% used [0x000000076ab00000,0x000000076ab00000,0x00000007bce80000)
  from space 24064K, 7% used [0x00000007bce80000,0x00000007bd030000,0x00000007be600000)
  to   space 22528K, 0% used [0x00000007be880000,0x00000007be880000,0x00000007bfe80000)
 ParOldGen       total 116736K, used 31373K [0x00000006c0000000, 0x00000006c7200000, 0x000000076ab00000)
  object space 116736K, 26% used [0x00000006c0000000,0x00000006c1ea37c8,0x00000006c7200000)
 Metaspace       used 23680K, capacity 23830K, committed 24320K, reserved 1071104K
  class space    used 2892K, capacity 2953K, committed 3072K, reserved 1048576K
}
Event: 164.045 GC heap before
{Heap before GC invocations=19 (full 1):
 PSYoungGen      total 1371136K, used 1348800K [0x000000076ab00000, 0x00000007bfe80000, 0x00000007c0000000)
  eden space 1347072K, 100% used [0x000000076ab00000,0x00000007bce80000,0x00000007bce80000)
  from space 24064K, 7% used [0x00000007bce80000,0x00000007bd030000,0x00000007be600000)
  to   space 22528K, 0% used [0x00000007be880000,0x00000007be880000,0x00000007bfe80000)
 ParOldGen       total 116736K, used 31373K [0x00000006c0000000, 0x00000006c7200000, 0x000000076ab00000)
  object space 116736K, 26% used [0x00000006c0000000,0x00000006c1ea37c8,0x00000006c7200000)
 Metaspace       used 23682K, capacity 23830K, committed 24320K, reserved 1071104K
  class space    used 2892K, capacity 2953K, committed 3072K, reserved 1048576K
Event: 164.050 GC heap after
Heap after GC invocations=19 (full 1):
 PSYoungGen      total 1283584K, used 448K [0x000000076ab00000, 0x00000007be900000, 0x00000007c0000000)
  eden space 1283072K, 0% used [0x000000076ab00000,0x000000076ab00000,0x00000007b9000000)
  from space 512K, 87% used [0x00000007be880000,0x00000007be8f0000,0x00000007be900000)
  to   space 21504K, 0% used [0x00000007bbf00000,0x00000007bbf00000,0x00000007bd400000)
 ParOldGen       total 116736K, used 32345K [0x00000006c0000000, 0x00000006c7200000, 0x000000076ab00000)
  object space 116736K, 27% used [0x00000006c0000000,0x00000006c1f96410,0x00000006c7200000)
 Metaspace       used 23682K, capacity 23830K, committed 24320K, reserved 1071104K
  class space    used 2892K, capacity 2953K, committed 3072K, reserved 1048576K
}
Event: 169.643 GC heap before
{Heap before GC invocations=20 (full 1):
 PSYoungGen      total 1283584K, used 1283520K [0x000000076ab00000, 0x00000007be900000, 0x00000007c0000000)
  eden space 1283072K, 100% used [0x000000076ab00000,0x00000007b9000000,0x00000007b9000000)
  from space 512K, 87% used [0x00000007be880000,0x00000007be8f0000,0x00000007be900000)
  to   space 21504K, 0% used [0x00000007bbf00000,0x00000007bbf00000,0x00000007bd400000)
 ParOldGen       total 116736K, used 32345K [0x00000006c0000000, 0x00000006c7200000, 0x000000076ab00000)
  object space 116736K, 27% used [0x00000006c0000000,0x00000006c1f96410,0x00000006c7200000)
 Metaspace       used 23699K, capacity 23894K, committed 24320K, reserved 1071104K
  class space    used 2893K, capacity 2953K, committed 3072K, reserved 1048576K
Event: 169.644 GC heap after
Heap after GC invocations=20 (full 1):
 PSYoungGen      total 1243648K, used 416K [0x000000076ab00000, 0x00000007be900000, 0x00000007c0000000)
  eden space 1222144K, 0% used [0x000000076ab00000,0x000000076ab00000,0x00000007b5480000)
  from space 21504K, 1% used [0x00000007bbf00000,0x00000007bbf68000,0x00000007bd400000)
  to   space 20480K, 0% used [0x00000007bd500000,0x00000007bd500000,0x00000007be900000)
 ParOldGen       total 116736K, used 32393K [0x00000006c0000000, 0x00000006c7200000, 0x000000076ab00000)
  object space 116736K, 27% used [0x00000006c0000000,0x00000006c1fa2410,0x00000006c7200000)
 Metaspace       used 23699K, capacity 23894K, committed 24320K, reserved 1071104K
  class space    used 2893K, capacity 2953K, committed 3072K, reserved 1048576K
}
Event: 218.678 GC heap before
{Heap before GC invocations=21 (full 1):
 PSYoungGen      total 1243648K, used 1222560K [0x000000076ab00000, 0x00000007be900000, 0x00000007c0000000)
  eden space 1222144K, 100% used [0x000000076ab00000,0x00000007b5480000,0x00000007b5480000)
  from space 21504K, 1% used [0x00000007bbf00000,0x00000007bbf68000,0x00000007bd400000)
  to   space 20480K, 0% used [0x00000007bd500000,0x00000007bd500000,0x00000007be900000)
 ParOldGen       total 116736K, used 32393K [0x00000006c0000000, 0x00000006c7200000, 0x000000076ab00000)
  object space 116736K, 27% used [0x00000006c0000000,0x00000006c1fa2410,0x00000006c7200000)
 Metaspace       used 23768K, capacity 23958K, committed 24320K, reserved 1071104K
  class space    used 2893K, capacity 2953K, committed 3072K, reserved 1048576K
Event: 218.680 GC heap after
Heap after GC invocations=21 (full 1):
 PSYoungGen      total 1165824K, used 1216K [0x000000076ab00000, 0x00000007bd680000, 0x00000007c0000000)
  eden space 1164288K, 0% used [0x000000076ab00000,0x000000076ab00000,0x00000007b1c00000)
  from space 1536K, 79% used [0x00000007bd500000,0x00000007bd630000,0x00000007bd680000)
  to   space 19456K, 0% used [0x00000007bb080000,0x00000007bb080000,0x00000007bc380000)
 ParOldGen       total 116736K, used 32441K [0x00000006c0000000, 0x00000006c7200000, 0x000000076ab00000)
  object space 116736K, 27% used [0x00000006c0000000,0x00000006c1fae410,0x00000006c7200000)
 Metaspace       used 23768K, capacity 23958K, committed 24320K, reserved 1071104K
  class space    used 2893K, capacity 2953K, committed 3072K, reserved 1048576K
}

